<?xml version="1.0" encoding="UTF-8"?>
<!-- Generated by org.testng.reporters.JUnitXMLReporter -->
<testsuite ignored="0" hostname="MacBook-Air-de-Luis.local" failures="0" tests="3" name="Default test" time="30.925" errors="0" timestamp="2020-10-11T12:26:54 PET">
  <testcase classname="pe.edu.galaxy.tests.JsonDataProvider" name="doLogin" time="5.739"/>
  <testcase classname="pe.edu.galaxy.tests.JsonDataProvider" name="doLogin" time="3.148"/>
  <testcase classname="pe.edu.galaxy.tests.JsonDataProvider" name="doLogin" time="3.343"/>
</testsuite> <!-- Default test -->
