<?xml version="1.0" encoding="UTF-8"?>
<!-- Generated by org.testng.reporters.JUnitXMLReporter -->
<testsuite ignored="0" hostname="MacBook-Air-de-Luis.local" failures="0" tests="3" name="Default test" time="15.829" errors="0" timestamp="2020-10-11T12:38:45 PET">
  <testcase classname="pe.edu.galaxy.tests.ExcelDataProvider" name="TestWithExcelData" time="5.035"/>
  <testcase classname="pe.edu.galaxy.tests.ExcelDataProvider" name="TestWithExcelData" time="2.795"/>
  <testcase classname="pe.edu.galaxy.tests.ExcelDataProvider" name="TestWithExcelData" time="2.702"/>
</testsuite> <!-- Default test -->
