<?xml version="1.0" encoding="UTF-8"?>
<!-- Generated by org.testng.reporters.JUnitXMLReporter -->
<testsuite ignored="0" hostname="MacBook-Air-de-Luis.local" failures="0" tests="3" name="Default test" time="59.173" errors="0" timestamp="2020-10-16T09:39:52 PET">
  <testcase classname="pe.edu.galaxy.paralell.Tests" name="test1" time="27.224"/>
  <testcase classname="pe.edu.galaxy.paralell.Tests" name="test2" time="7.811"/>
  <testcase classname="pe.edu.galaxy.paralell.Tests" name="test3" time="24.047"/>
</testsuite> <!-- Default test -->
