<?xml version="1.0" encoding="UTF-8"?>
<!-- Generated by org.testng.reporters.JUnitXMLReporter -->
<testsuite ignored="0" hostname="MacBook-Air-de-Luis.local" failures="0" tests="5" name="Default test" time="31.891" errors="0" timestamp="2020-10-04T11:06:45 PET">
  <testcase classname="pe.edu.galaxy.paralell.Testing" name="elcomercio" time="3.72"/>
  <testcase classname="pe.edu.galaxy.paralell.Testing" name="facebook" time="3.734"/>
  <testcase classname="pe.edu.galaxy.paralell.Testing" name="google" time="2.0"/>
  <testcase classname="pe.edu.galaxy.paralell.Testing" name="peruano" time="2.568"/>
  <testcase classname="pe.edu.galaxy.paralell.Testing" name="yahoo" time="4.306"/>
</testsuite> <!-- Default test -->
